<?xml version="1.0" encoding="UTF-8"?>
<!-- Generated by org.testng.reporters.JUnitReportReporter -->
<testsuite hostname="DESKTOP-S4R4SLE" failures="0" tests="1" name="demo.TestNgparametersDemo" time="0.006" errors="0" timestamp="2021-07-31T01:46:02 BST" skipped="0">
  <testcase classname="demo.TestNgparametersDemo" name="test" time="0.006"/>
  <system-out/>
</testsuite> <!-- demo.TestNgparametersDemo -->
