<?xml version="1.0" encoding="UTF-8"?>
<!-- Generated by org.testng.reporters.JUnitReportReporter -->
<testsuite hostname="DESKTOP-S4R4SLE" failures="0" tests="19" name="demo.TelecomDemo" time="23.858" errors="1" timestamp="2021-08-26T22:42:40 BST" skipped="18">
  <testcase classname="demo.TelecomDemo" name="Login" time="0.000">
    <skipped/>
  </testcase> <!-- Login -->
  <system-out/>
  <testcase classname="demo.TelecomDemo" name="setUpTest" time="23.858">
    <error message="Reached error page: about:neterror?e=netTimeout&amp;u=http%3A//172.20.38.12%3A20940/custcare_shop_stage/webresources/Login.jsp&amp;c=UTF-8&amp;d=Le%20serveur%20%C3%A0%20l%E2%80%99adresse%20172.20.38.12%20met%20trop%20de%20temps%20%C3%A0%20r%C3%A9pondre.
Build info: version: &#039;3.4.0&#039;, revision: &#039;unknown&#039;, time: &#039;unknown&#039;
System info: host: &#039;DESKTOP-S4R4SLE&#039;, ip: &#039;192.168.1.8&#039;, os.name: &#039;Windows 10&#039;, os.arch: &#039;amd64&#039;, os.version: &#039;10.0&#039;, java.version: &#039;16.0.1&#039;
Driver info: org.openqa.selenium.firefox.FirefoxDriver
Capabilities [{moz:profile=C:\Users\mega-pc\AppData\Local\Temp\rust_mozprofilen7fB4w, moz:geckodriverVersion=0.29.1, timeouts={implicit=0.0, pageLoad=300000.0, script=30000.0}, pageLoadStrategy=normal, unhandledPromptBehavior=dismiss and notify, strictFileInteractability=false, moz:headless=false, platform=ANY, proxy=Proxy(), moz:accessibilityChecks=false, moz:useNonSpecCompliantPointerOrigin=false, acceptInsecureCerts=false, browserVersion=91.0.2, moz:shutdownTimeout=60000.0, platformVersion=10.0, moz:processID=13432.0, browserName=firefox, moz:buildID=20210823123856, javascriptEnabled=true, platformName=windows, setWindowRect=true, moz:webdriverClick=true}]
Session ID: b2057db4-8935-4dee-a6b6-ed3e17c2dffe" type="org.openqa.selenium.WebDriverException">
      <![CDATA[org.openqa.selenium.WebDriverException: Reached error page: about:neterror?e=netTimeout&u=http%3A//172.20.38.12%3A20940/custcare_shop_stage/webresources/Login.jsp&c=UTF-8&d=Le%20serveur%20%C3%A0%20l%E2%80%99adresse%20172.20.38.12%20met%20trop%20de%20temps%20%C3%A0%20r%C3%A9pondre.
Build info: version: '3.4.0', revision: 'unknown', time: 'unknown'
System info: host: 'DESKTOP-S4R4SLE', ip: '192.168.1.8', os.name: 'Windows 10', os.arch: 'amd64', os.version: '10.0', java.version: '16.0.1'
Driver info: org.openqa.selenium.firefox.FirefoxDriver
Capabilities [{moz:profile=C:\Users\mega-pc\AppData\Local\Temp\rust_mozprofilen7fB4w, moz:geckodriverVersion=0.29.1, timeouts={implicit=0.0, pageLoad=300000.0, script=30000.0}, pageLoadStrategy=normal, unhandledPromptBehavior=dismiss and notify, strictFileInteractability=false, moz:headless=false, platform=ANY, proxy=Proxy(), moz:accessibilityChecks=false, moz:useNonSpecCompliantPointerOrigin=false, acceptInsecureCerts=false, browserVersion=91.0.2, moz:shutdownTimeout=60000.0, platformVersion=10.0, moz:processID=13432.0, browserName=firefox, moz:buildID=20210823123856, javascriptEnabled=true, platformName=windows, setWindowRect=true, moz:webdriverClick=true}]
Session ID: b2057db4-8935-4dee-a6b6-ed3e17c2dffe
at java.base/jdk.internal.reflect.NativeConstructorAccessorImpl.newInstance0(Native Method)
at java.base/jdk.internal.reflect.NativeConstructorAccessorImpl.newInstance(NativeConstructorAccessorImpl.java:78)
at java.base/jdk.internal.reflect.DelegatingConstructorAccessorImpl.newInstance(DelegatingConstructorAccessorImpl.java:45)
at java.base/java.lang.reflect.Constructor.newInstanceWithCaller(Constructor.java:499)
at java.base/java.lang.reflect.Constructor.newInstance(Constructor.java:480)
at org.openqa.selenium.remote.http.W3CHttpResponseCodec.createException(W3CHttpResponseCodec.java:150)
at org.openqa.selenium.remote.http.W3CHttpResponseCodec.decode(W3CHttpResponseCodec.java:115)
at org.openqa.selenium.remote.http.W3CHttpResponseCodec.decode(W3CHttpResponseCodec.java:45)
at org.openqa.selenium.remote.HttpCommandExecutor.execute(HttpCommandExecutor.java:164)
at org.openqa.selenium.remote.service.DriverCommandExecutor.execute(DriverCommandExecutor.java:82)
at org.openqa.selenium.remote.RemoteWebDriver.execute(RemoteWebDriver.java:637)
at org.openqa.selenium.remote.RemoteWebDriver.get(RemoteWebDriver.java:364)
at demo.TelecomDemo.setUpTest(TelecomDemo.java:92)
at java.base/jdk.internal.reflect.NativeMethodAccessorImpl.invoke0(Native Method)
at java.base/jdk.internal.reflect.NativeMethodAccessorImpl.invoke(NativeMethodAccessorImpl.java:78)
at java.base/jdk.internal.reflect.DelegatingMethodAccessorImpl.invoke(DelegatingMethodAccessorImpl.java:43)
at java.base/java.lang.reflect.Method.invoke(Method.java:567)
at org.testng.internal.MethodInvocationHelper.invokeMethod(MethodInvocationHelper.java:133)
at org.testng.internal.MethodInvocationHelper.invokeMethodConsideringTimeout(MethodInvocationHelper.java:62)
at org.testng.internal.ConfigInvoker.invokeConfigurationMethod(ConfigInvoker.java:385)
at org.testng.internal.ConfigInvoker.invokeConfigurations(ConfigInvoker.java:321)
at org.testng.TestRunner.invokeTestConfigurations(TestRunner.java:637)
at org.testng.TestRunner.beforeRun(TestRunner.java:627)
at org.testng.TestRunner.run(TestRunner.java:589)
at org.testng.SuiteRunner.runTest(SuiteRunner.java:377)
at org.testng.SuiteRunner.runSequentially(SuiteRunner.java:371)
at org.testng.SuiteRunner.privateRun(SuiteRunner.java:332)
at org.testng.SuiteRunner.run(SuiteRunner.java:276)
at org.testng.SuiteRunnerWorker.runSuite(SuiteRunnerWorker.java:53)
at org.testng.SuiteRunnerWorker.run(SuiteRunnerWorker.java:96)
at org.testng.TestNG.runSuitesSequentially(TestNG.java:1212)
at org.testng.TestNG.runSuitesLocally(TestNG.java:1134)
at org.testng.TestNG.runSuites(TestNG.java:1063)
at org.testng.TestNG.run(TestNG.java:1031)
at org.testng.remote.AbstractRemoteTestNG.run(AbstractRemoteTestNG.java:115)
at org.testng.remote.RemoteTestNG.initAndRun(RemoteTestNG.java:251)
at org.testng.remote.RemoteTestNG.main(RemoteTestNG.java:77)
]]>
    </error>
  </testcase> <!-- setUpTest -->
  <system-out/>
  <testcase classname="demo.TelecomDemo" name="clientPriveNonExistent" time="0.000">
    <skipped/>
  </testcase> <!-- clientPriveNonExistent -->
  <system-out/>
  <testcase classname="demo.TelecomDemo" name="clientPriveExistent" time="0.000">
    <skipped/>
  </testcase> <!-- clientPriveExistent -->
  <system-out/>
  <testcase classname="demo.TelecomDemo" name="clientComnNonExistent" time="0.000">
    <skipped/>
  </testcase> <!-- clientComnNonExistent -->
  <system-out/>
  <testcase classname="demo.TelecomDemo" name="clientComExistent" time="0.000">
    <skipped/>
  </testcase> <!-- clientComExistent -->
  <system-out/>
  <testcase classname="demo.TelecomDemo" name="rechercheCL" time="0.000">
    <skipped/>
  </testcase> <!-- rechercheCL -->
  <system-out/>
  <testcase classname="demo.TelecomDemo" name="VersRechercheContrat" time="0.000">
    <skipped/>
  </testcase> <!-- VersRechercheContrat -->
  <system-out/>
  <testcase classname="demo.TelecomDemo" name="RechercheContratAvecCodeContart" time="0.000">
    <skipped/>
  </testcase> <!-- RechercheContratAvecCodeContart -->
  <system-out/>
  <testcase classname="demo.TelecomDemo" name="RechercheContratAvecNumRessource" time="0.000">
    <skipped/>
  </testcase> <!-- RechercheContratAvecNumRessource -->
  <system-out/>
  <testcase classname="demo.TelecomDemo" name="GoToRandomClient" time="0.000">
    <skipped/>
  </testcase> <!-- GoToRandomClient -->
  <system-out/>
  <testcase classname="demo.TelecomDemo" name="CreationContratSousClientDefinirLesAttributDeContartDeBase" time="0.000">
    <skipped/>
  </testcase> <!-- CreationContratSousClientDefinirLesAttributDeContartDeBase -->
  <system-out/>
  <testcase classname="demo.TelecomDemo" name="CreationContratSousClientSelectionPlanTarifaireServices" time="0.000">
    <skipped/>
  </testcase> <!-- CreationContratSousClientSelectionPlanTarifaireServices -->
  <system-out/>
  <testcase classname="demo.TelecomDemo" name="CreationContratSousClientAffecterRessource" time="0.000">
    <skipped/>
  </testcase> <!-- CreationContratSousClientAffecterRessource -->
  <system-out/>
  <testcase classname="demo.TelecomDemo" name="CreationContratSousClientConfigurationService" time="0.000">
    <skipped/>
  </testcase> <!-- CreationContratSousClientConfigurationService -->
  <system-out/>
  <testcase classname="demo.TelecomDemo" name="ConfirmationCreationDuContratSousClient" time="0.000">
    <skipped/>
  </testcase> <!-- ConfirmationCreationDuContratSousClient -->
  <system-out/>
  <testcase classname="demo.TelecomDemo" name="StatutAffectationService" time="0.000">
    <skipped/>
  </testcase> <!-- StatutAffectationService -->
  <system-out/>
  <testcase classname="demo.TelecomDemo" name="FactureClient" time="0.000">
    <skipped/>
  </testcase> <!-- FactureClient -->
  <system-out/>
  <testcase classname="demo.TelecomDemo" name="LogOutc" time="0.000">
    <skipped/>
  </testcase> <!-- LogOutc -->
  <system-out/>
</testsuite> <!-- demo.TelecomDemo -->
