<?xml version="1.0" encoding="UTF-8"?>
<!-- Generated by org.testng.reporters.JUnitReportReporter -->
<testsuite hostname="DESKTOP-BUOI3DM" failures="0" tests="8" name="demo.Client" time="133.106" errors="0" timestamp="2021-08-11T11:13:10 CET" skipped="0">
  <testcase classname="demo.Client" name="Login" time="8.011"/>
  <system-out/>
  <testcase classname="demo.Client" name="clientPriveNonExistent" time="17.494"/>
  <system-out/>
  <testcase classname="demo.Client" name="clientPriveExistent" time="17.149"/>
  <system-out/>
  <testcase classname="demo.Client" name="clientComnNonExistent" time="26.155"/>
  <system-out/>
  <testcase classname="demo.Client" name="clientComExistent" time="24.638"/>
  <system-out/>
  <testcase classname="demo.Client" name="clonageClient" time="8.412"/>
  <system-out/>
  <testcase classname="demo.Client" name="rechClient" time="24.907"/>
  <system-out/>
  <testcase classname="demo.Client" name="LogOut" time="6.340"/>
  <system-out/>
</testsuite> <!-- demo.Client -->
